<?xml version="1.0" encoding="UTF-8" ?>
<testsuite tests="7" failures="0" name="com.bbd.AppTest" time="0.001" errors="0" skipped="0">
  <properties>
[...]
</properties>
  <testcase classname="com.bbd.AppTest" name="testHSCountry" time="0.001"/>
  <testcase classname="com.bbd.AppTest" name="testEnumsArc" time="0"/>
  <testcase classname="com.bbd.AppTest" name="testEnumsLaw" time="0"/>
  <testcase classname="com.bbd.AppTest" name="testEnumsPres" time="0"/>
  <testcase classname="com.bbd.AppTest" name="testHSDist" time="0"/>
  <testcase classname="com.bbd.AppTest" name="testHSName" time="0"/>
  <testcase classname="com.bbd.AppTest" name="testHSProv" time="0"/>
</testsuite>